<?xml version="1.0" encoding="UTF-8"?>
<!-- Generated by org.testng.reporters.JUnitXMLReporter -->
<testsuite hostname="LAPTOP-QEDC6A0G" name="ValidateTitle Test" tests="1" failures="1" timestamp="25 Jan 2018 05:15:10 GMT" time="7.286" errors="0">
  <testcase name="validate" time="0.891" classname="Framework.ValidateTitle">
    <failure type="junit.framework.ComparisonFailure" message="expected:&amp;lt;...p...&amp;gt; but was:&amp;lt;......&amp;gt;">
      <![CDATA[junit.framework.ComparisonFailure: expected:<...p...> but was:<......>
	at junit.framework.Assert.assertEquals(Assert.java:81)
	at junit.framework.Assert.assertEquals(Assert.java:87)
	at Framework.ValidateTitle.validate(ValidateTitle.java:31)
... Removed 24 stack frames]]>
    </failure>
  </testcase> <!-- validate -->
</testsuite> <!-- ValidateTitle Test -->
